<?xml version="1.0" encoding="UTF-8"?>
<!-- Generated by org.testng.reporters.JUnitReportReporter -->
<testsuite skipped="1" hostname="DESKTOP-0DN2FRH" name="GlobalKineticAssessment.validateTitle" tests="1" failures="0" timestamp="17 Dec 2018 23:48:23 GMT" time="0.000" errors="0">
  <testcase name="TravelNavigation" time="0.000" classname="GlobalKineticAssessment.validateTitle">
    <skipped/>
  </testcase> <!-- TravelNavigation -->
</testsuite> <!-- GlobalKineticAssessment.validateTitle -->
