<?xml version="1.0" encoding="UTF-8"?>
<!-- Generated by org.testng.reporters.JUnitReportReporter -->
<testsuite skipped="0" hostname="DESKTOP-0DN2FRH" name="GlobalKineticAssessment.validateNavigation" tests="1" failures="0" timestamp="17 Dec 2018 20:53:08 GMT" time="0.167" errors="0">
  <testcase name="basePageNavigation" time="0.167" classname="GlobalKineticAssessment.validateNavigation"/>
</testsuite> <!-- GlobalKineticAssessment.validateNavigation -->
