<?xml version="1.0" encoding="UTF-8"?>
<!-- Generated by org.testng.reporters.JUnitReportReporter -->
<testsuite skipped="1" hostname="DESKTOP-0DN2FRH" name="GlobalKineticAssessment.HomePage" tests="1" failures="0" timestamp="17 Dec 2018 20:53:08 GMT" time="0.000" errors="0">
  <testcase name="basePageNavigation" time="0.000" classname="GlobalKineticAssessment.HomePage">
    <skipped/>
  </testcase> <!-- basePageNavigation -->
</testsuite> <!-- GlobalKineticAssessment.HomePage -->
